make.exe all --print-data-base --no-builtin-variables --no-builtin-rules --question
make: *** No rule to make target 'all'.  Stop.
 
# GNU Make 4.3
# Built for Windows32
# Copyright (C) 1988-2020 Free Software Foundation, Inc.
# License GPLv3+: GNU GPL version 3 or later <http://gnu.org/licenses/gpl.html>
# This is free software: you are free to change and redistribute it.
# There is NO WARRANTY, to the extent permitted by law.

# Make data base, printed on Sun Jan 09 17:55:38 2022

# Variables

# environment
FPS_BROWSER_APP_PROFILE_STRING = Internet Explorer
# environment
SYSTEMDRIVE = C:
# environment
LC_ALL = C
# environment
_MSYS2_BASH = C:\tools\msys64\usr\bin\bash.exe
# environment
USERPROFILE = C:\Users\lator
# environment
LOCALAPPDATA = C:\Users\lator\AppData\Local
# environment
VSCODE_IPC_HOOK_EXTHOST = \\.\pipe\vscode-ipc-2c993ba9-39ac-4ef0-a0ba-dc945eab22b8-sock
# environment
VSCODE_CWD = C:\Users\lator\AppData\Local\Programs\Microsoft VS Code
# environment
CHOCOLATEYINSTALL = C:\ProgramData\chocolatey
# environment
SYSTEMROOT = C:\WINDOWS
# makefile (from 'makefile', line 17)
LIBS = -lm
# environment
PROCESSOR_LEVEL = 6
# environment
PSMODULEPATH = C:\Program Files\WindowsPowerShell\Modules;C:\WINDOWS\system32\WindowsPowerShell\v1.0\Modules
# default
MAKE_COMMAND := c:/programdata/chocolatey/lib/make/tools/install/bin/make.exe
# automatic
@D = $(patsubst %/,%,$(patsubst %\,%,$(dir $@)))
# environment
CHROME_CRASHPAD_PIPE_NAME = \\.\pipe\crashpad_21760_PSJEEUVLGFGCMCEN
# environment
FPS_BROWSER_USER_PROFILE_STRING = Default
# environment
VSCODE_HANDLES_UNCAUGHT_ERRORS = true
# default
.VARIABLES := 
# automatic
%D = $(patsubst %/,%,$(patsubst %\,%,$(dir $%)))
# automatic
^D = $(patsubst %/,%,$(patsubst %\,%,$(dir $^)))
# environment
VSCODE_LOG_STACK = false
# automatic
%F = $(notdir $%)
# environment
VSCODE_CODE_CACHE_PATH = C:\Users\lator\AppData\Roaming\Code\CachedData\899d46d82c4c95423fb7e10e68eba52050e30ba3
# environment
LANG = C
# default
.LOADED := 
# environment
TMP = C:\Users\lator\AppData\Local\Temp
# default
.INCLUDE_DIRS = .
# environment
PROCESSOR_ARCHITEW6432 = AMD64
# makefile
MAKEFLAGS = pqrR
# environment
ONEDRIVE = C:\Users\lator\OneDrive
# makefile
CURDIR := c:/Users/lator/Documents/GitHub/IA-FastForward-PracticaPlanificacio/Metric-FF
# environment
VSCODE_PIPE_LOGGING = true
# environment
APPLICATION_INSIGHTS_NO_DIAGNOSTIC_CHANNEL = true
# automatic
*D = $(patsubst %/,%,$(patsubst %\,%,$(dir $*)))
# environment
PROGRAMFILES = C:\Program Files (x86)
# environment
MFLAGS = -pqrR
# default
.SHELLFLAGS := -c
# environment
COMMONPROGRAMW6432 = C:\Program Files\Common Files
# automatic
+D = $(patsubst %/,%,$(patsubst %\,%,$(dir $+)))
# makefile (from 'makefile', line 1)
MAKEFILE_LIST := makefile
# automatic
@F = $(notdir $@)
# environment
VSCODE_VERBOSE_LOGGING = true
# environment
VSCODE_PID = 21760
# automatic
?D = $(patsubst %/,%,$(patsubst %\,%,$(dir $?)))
# automatic
*F = $(notdir $*)
# makefile (from 'makefile', line 22)
PDDL_PARSER_SRC = scan-fct_pddl.tab.c scan-ops_pddl.tab.c scan-probname.tab.c lex.fct_pddl.c lex.ops_pddl.c 
# automatic
<D = $(patsubst %/,%,$(patsubst %\,%,$(dir $<)))
# environment
VSCODE_NLS_CONFIG = {"locale":"en-us","availableLanguages":{},"_languagePackSupport":true}
# environment
INTELLIJ IDEA EDUCATIONAL EDITION = C:\Program Files\JetBrains\IntelliJ IDEA Educational Edition 2021.3\bin;
# environment
JD2_HOME = C:\Users\lator\AppData\Local\JDownloader 2.0
# environment
ONEDRIVECONSUMER = C:\Users\lator\OneDrive
# default
MAKE_HOST := Windows32
# environment
PROGRAMDATA = C:\ProgramData
# default
SHELL := sh.exe
# environment
HOMEPATH = \Users\lator
# default
MAKECMDGOALS := all
# environment
DRIVERDATA = C:\Windows\System32\Drivers\DriverData
# environment
COMSPEC = C:\WINDOWS\system32\cmd.exe
# environment
WINDIR = C:\WINDOWS
# environment
MAKELEVEL := 0
# default
MAKE = $(MAKE_COMMAND)
# environment
PATH = C:\Program Files\Java\jdk-17.0.1\bin;C:\Program Files\Common Files\Oracle\Java\javapath;C:\Program Files (x86)\Common Files\Oracle\Java\javapath;c:\program files\eclipse foundation\jdk-11.0.12.7-hotspot\bin;c:\program files (x86)\vmware\vmware player\bin\;c:\windows\system32;c:\windows;c:\windows\system32\wbem;c:\windows\system32\windowspowershell\v1.0\;c:\windows\system32\openssh\;c:\program files\nvidia corporation\nvidia nvdlisr;c:\programdata\chocolatey\bin;c:\windows\system32;c:\windows;c:\windows\system32\wbem;c:\windows\system32\windowspowershell\v1.0\;c:\windows\system32\openssh\;c:\program files\microsoft sql server\120\tools\binn\;c:\program files\dotnet\;c:\program files\calibre2\;C:\Program Files (x86)\NVIDIA Corporation\PhysX\Common;C:\Program Files\Git\cmd;C:\Program Files\Common Files\Autodesk Shared\;C:\Users\lator\AppData\Local\Programs\Python\Python39\Scripts\;C:\Users\lator\AppData\Local\Programs\Python\Python39\;C:\Users\lator\AppData\Local\Microsoft\WindowsApps;C:\Users\lator\AppData\Local\Programs\Microsoft VS Code\bin;C:\tools\gpu\NVFLASH\x64;C:\Program Files\mingw-w64\x86_64-8.1.0-posix-seh-rt_v6-rev0\mingw64\bin;C:\Qt\5.15.2\mingw81_64\bin;C:\Users\lator\AppData\Roaming\cabal\bin;C:\tools\ghc-9.0.1\bin;C:\Users\lator\AppData\Local\GitHubDesktop\bin;C:\Program Files\JetBrains\IntelliJ IDEA Educational Edition 2021.3\bin;
# environment
ZES_ENABLE_SYSMAN = 1
# environment
COMPUTERNAME = DESKTOP-O9K8TPQ
# default
MAKEFILES := 
# automatic
^F = $(notdir $^)
# environment
_MSYS2_PREFIX = x86_64
# environment
PROMPT = $P$G
# environment
CHOCOLATEYLASTPATHUPDATE = 132762938585472307
# environment
LOGONSERVER = \\DESKTOP-O9K8TPQ
# environment
VSCODE_LOG_NATIVE = false
# environment
USERNAME = lator
# environment
COMMONPROGRAMFILES = C:\Program Files (x86)\Common Files
# automatic
?F = $(notdir $?)
# environment
PROGRAMW6432 = C:\Program Files
# environment
MSFS_SDK = C:\MSFS SDK\
# environment
PATHEXT = .COM;.EXE;.BAT;.CMD;.VBS;.VBE;.JS;.JSE;.WSF;.WSH;.MSC
# automatic
+F = $(notdir $+)
# environment
ORIGINAL_XDG_CURRENT_DESKTOP = undefined
# makefile (from 'makefile', line 44)
OBJECTS = $(SOURCES:.c=.o)
# environment
USERDOMAIN = DESKTOP-O9K8TPQ
# 'override' directive
GNUMAKEFLAGS := 
# environment
OS = Windows_NT
# makefile
.DEFAULT_GOAL := ff
# makefile (from 'makefile', line 9)
TYPE = 
# makefile (from 'makefile', line 28)
PDDL_PARSER_OBJ = scan-fct_pddl.tab.o scan-ops_pddl.tab.o 
# default
MAKE_VERSION := 4.3
# environment
PROGRAMFILES(X86) = C:\Program Files (x86)
# environment
USERDOMAIN_ROAMINGPROFILE = DESKTOP-O9K8TPQ
# environment
NUMBER_OF_PROCESSORS = 16
# environment
PUBLIC = C:\Users\Public
# environment
ASL.LOG = Destination=file
# environment
APPDATA = C:\Users\lator\AppData\Roaming
# makefile (from 'makefile', line 14)
CFLAGS = -O6 -Wall -g  -std=gnu99 $(TYPE) $(ADDONS) 
# environment
HOMEDRIVE = C:
# environment
PROCESSOR_ARCHITECTURE = x86
# environment
VSCODE_AMD_ENTRYPOINT = vs/workbench/services/extensions/node/extensionHostProcess
# environment
COMMONPROGRAMFILES(X86) = C:\Program Files (x86)\Common Files
# makefile (from 'makefile', line 10)
ADDONS = 
# environment
ELECTRON_RUN_AS_NODE = 1
# environment
TEMP = C:\Users\lator\AppData\Local\Temp
# environment
VSCODE_IPC_HOOK = \\.\pipe\b861bdf9c0a79940b580fbd69e951cd2-1.63.2-main-sock
# default
.RECIPEPREFIX := 
# automatic
<F = $(notdir $<)
# default
SUFFIXES := 
# environment
ALLUSERSPROFILE = C:\ProgramData
# environment
SESSIONNAME = Console
# environment
ADSK_3DSMAX_X64_2022 = C:\Program Files\Autodesk\3ds Max 2022\
# default
.FEATURES := target-specific order-only second-expansion else-if shortest-stem undefine oneshell nocomment grouped-target extra-prereqs archives jobserver output-sync load
# environment
PROCESSOR_REVISION = a502
# makefile (from 'makefile', line 12)
CC = gcc
# makefile (from 'makefile', line 32)
SOURCES = main.c memory.c output.c parse.c expressions.c inst_pre.c inst_easy.c inst_hard.c inst_final.c relax.c search.c
# environment
CHOCOLATEYTOOLSLOCATION = C:\tools
# environment
PROCESSOR_IDENTIFIER = Intel64 Family 6 Model 165 Stepping 2, GenuineIntel
# variable set hash-table stats:
# Loa 
d=115/1024=11%, Rehash=0, Collisions=13/145=9%

# Pattern-specific Variable Values

# No pattern-specific variable values.

# Directories

# . (key c:/Users/lator/Documents/GitHub/IA-FastForward-PracticaPlanificacio/Metric-FF, mtime 1641747324): 52 files, no impossibilities.

# 52 files, no impossibilities in 1 directories.

# Implicit Rules

%.c:

%.o: %.c
#  recipe to execute (from 'makefile', line 52):
	 $(CC) -c $(CFLAGS) $<

%.o:

# 3 implicit rules, 0 (0.0%) terminal.
# Files

.c.o:
#  Implicit rule search has not been done.
#  Modification time never checked.
#  File has not been updated.
#  recipe to execute (from 'makefile', line 52):
	 $(CC) -c $(CFLAGS) $<

# Not a target:
inst_hard.o:
#  Implicit rule search has not been done.
#  Modification time never checked.
#  File has not been updated.

# Not a target:
parse.o:
#  Implicit rule search has not been done.
#  Modification time never checked.
#  File has not been updated.

depend:
#  Implicit rule search has not been done.
#  Modification time never checked.
#  File has not been updated.
#  recipe to execute (from 'makefile', line 86):
	makedepend -- $(SOURCES) $(PDDL_PARSER_SRC)

# Not a target:
inst_pre.o:
#  Implicit rule search has not been done.
#  Modification time never checked.
#  File has not been updated.

# Not a target:
lex-fct_pddl.l:
#  Implicit rule search has not been done.
#  Modification time never checked.
#  File has not been updated.

lint:
#  Implicit rule search has not been done.
#  Modification time never checked.
#  File has not been updated.
#  recipe to execute (from 'makefile', line 89):
	lclint -booltype Bool $(SOURCES) 2> output.lint

# Not a target:
inst_final.o:
#  Implicit rule search has not been done.
#  Modification time never checked.
#  File has not been updated.

ff: main.o memory.o output.o parse.o expressions.o inst_pre.o inst_easy.o inst_hard.o inst_final.o relax.o search.o scan-fct_pddl.tab.o scan-ops_pddl.tab.o
#  Implicit rule search has not been done.
#  Modification time never checked.
#  File has not been updated.
#  recipe to execute (from 'makefile', line 58):
	$(CC) -o ff $(OBJECTS) $(PDDL_PARSER_OBJ) $(CFLAGS) $(LIBS)

# Not a target:
output.o:
#  Implicit rule search has not been done.
#  Modification time never checked.
#  File has not been updated.

scan-fct_pddl.tab.c: scan-fct_pddl.y lex.fct_pddl.c
#  Implicit rule search has not been done.
#  Modification time never checked.
#  File has not been updated.
#  recipe to execute (from 'makefile', line 62):
	bison -pfct_pddl -bscan-fct_pddl scan-fct_pddl.y

# Not a target:
scan-fct_pddl.y:
#  Implicit rule search has not been done.
#  Modification time never checked.
#  File has not been updated.

# Not a target:
scan-ops_pddl.y:
#  Implicit rule search has not been done.
#  Modification time never checked.
#  File has not been updated.

clean:
#  Implicit rule search has not been done.
#  Modification time never checked.
#  File has not been updated.
#  recipe to execute (from 'makefile', line 76):
	rm -f *.o *.bak *~ *% core *_pure_p9_c0_400.o.warnings \
        \#*\# $(RES_PARSER_SRC) $(PDDL_PARSER_SRC)

scan-ops_pddl.tab.c: scan-ops_pddl.y lex.ops_pddl.c
#  Implicit rule search has not been done.
#  Modification time never checked.
#  File has not been updated.
#  recipe to execute (from 'makefile', line 65):
	bison -pops_pddl -bscan-ops_pddl scan-ops_pddl.y

# Not a target:
relax.o:
#  Implicit rule search has not been done.
#  Modification time never checked.
#  File has not been updated.

# Not a target:
search.o:
#  Implicit rule search has not been done.
#  Modification time never checked.
#  File has not been updated.

# Not a target:
scan-ops_pddl.tab.o:
#  Implicit rule search has not been done.
#  Modification time never checked.
#  File has not been updated.

veryclean: clean
#  Implicit rule search has not been done.
#  Modification time never checked.
#  File has not been updated.
#  recipe to execute (from 'makefile', line 80):
	rm -f ff H* J* K* L* O* graph.* *.symbex gmon.out \
	$(PDDL_PARSER_SRC) \
	lex.fct_pddl.c lex.ops_pddl.c lex.probname.c \
	*.output

# Not a target:
.DEFAULT:
#  Implicit rule search has not been done.
#  Modification time never checked.
#  File has not been updated.

# Not a target:
all:
#  Command line target.
#  Implicit rule search has been done.
#  File does not exist.
#  File has not been updated.

# Not a target:
scan-fct_pddl.tab.o:
#  Implicit rule search has not been done.
#  Modification time never checked.
#  File has not been updated.

# Not a target:
lex-ops_pddl.l:
#  Implicit rule search has not been done.
#  Modification time never checked.
#  File has not been updated.

# Not a target:
main.o:
#  Implicit rule search has not been done.
#  Modification time never checked.
#  File has not been updated.

# Not a target:
inst_easy.o:
#  Implicit rule search has not been done.
#  Modification time never checked.
#  File has not been updated.

# Not a target:
.o:
#  Implicit rule search has not been done.
#  Modification time never checked.
#  File has not been updated.

lex.ops_pddl.c: lex-ops_pddl.l
#  Implicit rule search has not been done.
#  Modification time never checked.
#  File has not been updated.
#  recipe to execute (from 'makefile', line 71):
	flex -Pops_pddl lex-ops_pddl.l

# Not a target:
makefile:
#  Implicit rule search has been done.
#  Last modified 2020-12-27 05:47:06
#  File has been updated.
#  Successfully updated.

# Not a target:
.c:
#  Implicit rule search has not been done.
#  Modification time never checked.
#  File has not been updated.

lex.fct_pddl.c: lex-fct_pddl.l
#  Implicit rule search has not been done.
#  Modification time never checked.
#  File has not been updated.
#  recipe to execute (from 'makefile', line 68):
	flex -Pfct_pddl lex-fct_pddl.l

.SUFFIXES: .c .o
#  Implicit rule search has not been done.
#  Modification time never checked.
#  File has not been updated.

# Not a target:
expressions.o:
#  Implicit rule search has not been done.
#  Modification time never checked.
#  File has not been updated.

# Not a target:
memory.o:
#  Implicit rule search has not been done.
#  Modification time never checked.
#  File has not been updated.

# files hash-table stats:
# Load=33/1024=3%, Rehash=0, Collisions=7/71=10%
# VPATH Search Paths

# No 'vpath' search paths.

# No general ('VPATH' variable) search path.

# strcache buffers: 1 (0) / strings = 64 / storage = 637 B / avg = 9 B
# current buf: size = 8174 B / used = 637 B / count = 64 / avg = 9 B

# strcache performance: lookups = 109 / hit rate = 41%
# hash-table stats:
# Load=64/8192=1%, Rehash=0, Collisions=0/109=0%
# Finished Make data base on Sun Jan 09 17:55:38 2022

 
